<testsuite name="Mocha Tests" tests="10" failures="0" errors="0" skipped="0" timestamp="Thu, 21 Nov 2013 22:35:11 GMT" time="0.054">
<testcase classname="Schema Tests" name="has a UserLoginAudit schema" time="0.004"/>
<testcase classname="Schema Tests" name="has a UserLogin schema" time="0.001"/>
<testcase classname="Auth" name="should use passport" time="0.002"/>
<testcase classname="Auth" name="should use github strategy" time="0.001"/>
<testcase classname="Auth" name="should audit user login" time="0.001"/>
<testcase classname="Auth" name="saves user login" time="0.001"/>
<testcase classname="Config" name="should define github passport config" time="0.001"/>
<testcase classname="Config" name="should expose github secret" time="0"/>
<testcase classname="Config" name="should expose github callback" time="0.001"/>
<testcase classname="Config" name="should expose github clientId" time="0"/>
</testsuite>
